<?xml version="1.0" encoding="UTF-8" standalone="no"?><nkl:Collection xmlns:nkl="http://nakala.fr/schema#" xmlns:dcterms="http://purl.org/dc/terms/" xmlns:xsi="http://www.w3.org/2001/XMLSchema-instance" xsi:schemaLocation="http://purl.org/dc/terms/ http://dublincore.org/schemas/xmls/qdc/2008/02/11/dcterms.xsd">
    <dcterms:title>Le titre de ma collection</dcterms:title>
    <nkl:inCollection>11280/4123144a</nkl:inCollection>
<identifier xmlns="http://nakala.fr/schema#">11280/0b3a7ea8</identifier></nkl:Collection>